<?xml version="1.0" encoding="UTF-8"?>
<!-- Generated by org.testng.reporters.JUnitXMLReporter -->
<testsuite hostname="DESKTOP-GN1IAVO" name="Test" tests="4" failures="0" timestamp="31 Jul 2019 20:59:28 GMT" time="54.159" errors="0">
  <testcase name="sendMessage" time="5.488" classname="com.Fly365.testing.ContactUsTest"/>
  <testcase name="sendMessage" time="4.542" classname="com.Fly365.testing.SignUp"/>
  <testcase name="roundSearch" time="15.364" classname="com.Fly365.testing.RoundTripSearch"/>
  <testcase name="roundSearch" time="11.829" classname="com.Fly365.testing.RoundTripSearch"/>
</testsuite> <!-- Test -->
