<?xml version="1.0" encoding="UTF-8"?>
<testng-results skipped="0" failed="0" total="1" passed="1">
  <reporter-output>
  </reporter-output>
  <suite name="Default suite" duration-ms="50476" started-at="2019-07-31T22:10:28Z" finished-at="2019-07-31T22:11:18Z">
    <groups>
    </groups>
    <test name="Default test" duration-ms="50476" started-at="2019-07-31T22:10:28Z" finished-at="2019-07-31T22:11:18Z">
      <class name="com.Fly365.testing.NewTest">
        <test-method status="PASS" signature="beforeClass()[pri:0, instance:com.Fly365.testing.NewTest@35bbe5e8]" name="beforeClass" is-config="true" duration-ms="3146" started-at="2019-08-01T00:10:28Z" finished-at="2019-08-01T00:10:31Z">
          <reporter-output>
          </reporter-output>
        </test-method> <!-- beforeClass -->
        <test-method status="PASS" signature="openMyBlog()[pri:0, instance:com.Fly365.testing.NewTest@35bbe5e8]" name="openMyBlog" duration-ms="45929" started-at="2019-08-01T00:10:31Z" finished-at="2019-08-01T00:11:17Z">
          <reporter-output>
          </reporter-output>
        </test-method> <!-- openMyBlog -->
        <test-method status="PASS" signature="afterClass()[pri:0, instance:com.Fly365.testing.NewTest@35bbe5e8]" name="afterClass" is-config="true" duration-ms="1388" started-at="2019-08-01T00:11:17Z" finished-at="2019-08-01T00:11:18Z">
          <reporter-output>
          </reporter-output>
        </test-method> <!-- afterClass -->
      </class> <!-- com.Fly365.testing.NewTest -->
    </test> <!-- Default test -->
  </suite> <!-- Default suite -->
</testng-results>
